TN:
SF:src\controllers\admin.controller.js
FN:7,(anonymous_0)
FN:12,(anonymous_1)
FN:26,(anonymous_2)
FN:31,(anonymous_3)
FN:41,(anonymous_4)
FN:50,(anonymous_5)
FN:56,(anonymous_6)
FN:63,(anonymous_7)
FNF:8
FNH:2
FNDA:1,(anonymous_0)
FNDA:1,(anonymous_1)
FNDA:0,(anonymous_2)
FNDA:0,(anonymous_3)
FNDA:0,(anonymous_4)
FNDA:0,(anonymous_5)
FNDA:0,(anonymous_6)
FNDA:0,(anonymous_7)
DA:1,1
DA:4,1
DA:7,1
DA:8,1
DA:12,1
DA:13,1
DA:14,1
DA:15,1
DA:17,1
DA:18,1
DA:20,0
DA:21,0
DA:26,1
DA:27,0
DA:31,1
DA:32,0
DA:34,0
DA:41,0
DA:42,0
DA:43,0
DA:46,0
DA:50,1
DA:51,0
DA:52,0
DA:56,1
DA:58,0
DA:59,0
DA:63,1
DA:64,0
DA:67,0
DA:68,0
DA:71,1
LF:32
LH:16
BRF:0
BRH:0
end_of_record
TN:
SF:src\services\at-university-api.service.js
FN:14,(anonymous_0)
FN:21,(anonymous_1)
FN:26,(anonymous_2)
FN:34,(anonymous_3)
FNF:4
FNH:0
FNDA:0,(anonymous_0)
FNDA:0,(anonymous_1)
FNDA:0,(anonymous_2)
FNDA:0,(anonymous_3)
DA:1,1
DA:8,1
DA:10,1
DA:12,1
DA:14,1
DA:15,0
DA:22,0
DA:26,1
DA:27,0
DA:35,0
DA:39,1
LF:11
LH:7
BRF:0
BRH:0
end_of_record
TN:
SF:src\test\controller\controllerTest.js
FN:6,(anonymous_0)
FN:9,(anonymous_1)
FN:13,(anonymous_2)
FN:17,(anonymous_3)
FN:20,(anonymous_4)
FN:26,(anonymous_5)
FN:31,(anonymous_6)
FNF:7
FNH:7
FNDA:1,(anonymous_0)
FNDA:2,(anonymous_1)
FNDA:2,(anonymous_2)
FNDA:1,(anonymous_3)
FNDA:1,(anonymous_4)
FNDA:1,(anonymous_5)
FNDA:1,(anonymous_6)
DA:1,1
DA:2,1
DA:3,1
DA:4,1
DA:6,1
DA:9,1
DA:10,2
DA:13,1
DA:14,2
DA:17,1
DA:18,1
DA:19,1
DA:20,1
DA:21,1
DA:22,1
DA:26,1
DA:27,1
DA:28,1
DA:29,1
DA:30,1
DA:31,1
DA:32,1
DA:33,1
LF:23
LH:23
BRF:0
BRH:0
end_of_record
